#
# There is insufficient memory for the Java Runtime Environment to continue.
# Native memory allocation (mmap) failed to map 100663296 bytes for G1 virtual space
# Possible reasons:
#   The system is out of physical RAM or swap space
#   The process is running with CompressedOops enabled, and the Java Heap may be blocking the growth of the native heap
# Possible solutions:
#   Reduce memory load on the system
#   Increase physical memory or swap space
#   Check if swap backing store is full
#   Decrease Java heap size (-Xmx/-Xms)
#   Decrease number of Java threads
#   Decrease Java thread stack sizes (-Xss)
#   Set larger code cache with -XX:ReservedCodeCacheSize=
#   JVM is running with Unscaled Compressed Oops mode in which the Java heap is
#     placed in the first 4GB address space. The Java Heap base address is the
#     maximum limit for the native heap growth. Please use -XX:HeapBaseMinAddress
#     to set the Java Heap base and to place the Java Heap above 4GB virtual address.
# This output file may be truncated or incomplete.
#
#  Out of Memory Error (os_windows.cpp:3559), pid=16680, tid=4848
#
# JRE version:  (17.0.7+7) (build )
# Java VM: OpenJDK 64-Bit Server VM (17.0.7+7, mixed mode, sharing, tiered, compressed oops, compressed class ptrs, g1 gc, windows-amd64)
# No core dump will be written. Minidumps are not enabled by default on client versions of Windows
#

---------------  S U M M A R Y ------------

Command Line: -Dfile.encoding=UTF-8 -XX:+ShowCodeDetailsInExceptionMessages by.academy.HW5.HW5EX2

Host: AMD Ryzen 5 3500U with Radeon Vega Mobile Gfx  , 8 cores, 5G,  Windows 10 , 64 bit Build 18362 (10.0.18362.1350)
Time: Sat Aug  5 18:02:53 2023 Беларусь (зима) elapsed time: 0.025487 seconds (0d 0h 0m 0s)

---------------  T H R E A D  ---------------

Current thread (0x00000228f5122650):  JavaThread "Unknown thread" [_thread_in_vm, id=4848, stack(0x000000a775500000,0x000000a775600000)]

Stack: [0x000000a775500000,0x000000a775600000]
Native frames: (J=compiled Java code, j=interpreted, Vv=VM code, C=native code)
V  [jvm.dll+0x67754a]
V  [jvm.dll+0x834304]
V  [jvm.dll+0x835aae]
V  [jvm.dll+0x836113]
V  [jvm.dll+0x24696f]
V  [jvm.dll+0x6743f9]
V  [jvm.dll+0x668c8a]
V  [jvm.dll+0x3061bb]
V  [jvm.dll+0x30d6a6]
V  [jvm.dll+0x35cece]
V  [jvm.dll+0x35d0ff]
V  [jvm.dll+0x2dd048]
V  [jvm.dll+0x2ddfb4]
V  [jvm.dll+0x8066d1]
V  [jvm.dll+0x36ac91]
V  [jvm.dll+0x7e5cec]
V  [jvm.dll+0x3ed56f]
V  [jvm.dll+0x3ef0a1]
C  [jli.dll+0x528b]
C  [ucrtbase.dll+0x210b2]
C  [KERNEL32.DLL+0x17c24]
C  [ntdll.dll+0x6d721]


---------------  P R O C E S S  ---------------

Threads class SMR info:
_java_thread_list=0x00007ff891127018, length=0, elements={
}

Java Threads: ( => current thread )

Other Threads:
  0x00000228f516d8e0 GCTaskThread "GC Thread#0" [stack: 0x000000a775600000,0x000000a775700000] [id=17744]
  0x00000228f517a6a0 ConcurrentGCThread "G1 Main Marker" [stack: 0x000000a775700000,0x000000a775800000] [id=20680]
  0x00000228f517b0b0 ConcurrentGCThread "G1 Conc#0" [stack: 0x000000a775800000,0x000000a775900000] [id=8644]

[error occurred during error reporting (printing all threads), id 0xc0000005, EXCEPTION_ACCESS_VIOLATION (0xc0000005) at pc=0x00007ff8908fdaf7]

VM state: not at safepoint (not fully initialized)

VM Mutex/Monitor currently owned by a thread:  ([mutex/lock_event])
[0x00000228f5120d40] Heap_lock - owner thread: 0x00000228f5122650

Heap address: 0x00000000a0c00000, size: 1524 MB, Compressed Oops mode: 32-bit

CDS archive(s) mapped at: [0x0000000000000000-0x0000000000000000-0x0000000000000000), size 0, SharedBaseAddress: 0x0000000800000000, ArchiveRelocationMode: 0.
Narrow klass base: 0x0000000000000000, Narrow klass shift: 0, Narrow klass range: 0x0

GC Precious Log:
<Empty>

Heap:
 garbage-first heap   total 0K, used 0K [0x00000000a0c00000, 0x0000000100000000)
  region size 1024K, 0 young (0K), 0 survivors (0K)

[error occurred during error reporting (printing heap information), id 0xc0000005, EXCEPTION_ACCESS_VIOLATION (0xc0000005) at pc=0x00007ff890ce0db9]

GC Heap History (0 events):
No events

Dll operation events (1 events):
Event: 0.014 Loaded shared library C:\Users\R2D2\.p2\pool\plugins\org.eclipse.justj.openjdk.hotspot.jre.full.win32.x86_64_17.0.7.v20230425-1502\jre\bin\java.dll

Deoptimization events (0 events):
No events

Classes unloaded (0 events):
No events

Classes redefined (0 events):
No events

Internal exceptions (0 events):
No events

VM Operations (0 events):
No events

Events (0 events):
No events


Dynamic libraries:
0x00007ff74df20000 - 0x00007ff74df2e000 	C:\Users\R2D2\.p2\pool\plugins\org.eclipse.justj.openjdk.hotspot.jre.full.win32.x86_64_17.0.7.v20230425-1502\jre\bin\javaw.exe
0x00007ff8f2940000 - 0x00007ff8f2b30000 	C:\WINDOWS\SYSTEM32\ntdll.dll
0x00007ff8e7d40000 - 0x00007ff8e7d59000 	C:\Program Files\Avast Software\Avast\aswhook.dll
0x00007ff8f1e30000 - 0x00007ff8f1ee2000 	C:\WINDOWS\System32\KERNEL32.DLL
0x00007ff8efb00000 - 0x00007ff8efda5000 	C:\WINDOWS\System32\KERNELBASE.dll
0x00007ff8f0640000 - 0x00007ff8f073a000 	C:\WINDOWS\System32\ucrtbase.dll
0x00007ff8e6cc0000 - 0x00007ff8e6cd7000 	C:\Users\R2D2\.p2\pool\plugins\org.eclipse.justj.openjdk.hotspot.jre.full.win32.x86_64_17.0.7.v20230425-1502\jre\bin\jli.dll
0x00007ff8f12a0000 - 0x00007ff8f1434000 	C:\WINDOWS\System32\USER32.dll
0x00007ff8f0610000 - 0x00007ff8f0631000 	C:\WINDOWS\System32\win32u.dll
0x00007ff8f1810000 - 0x00007ff8f1836000 	C:\WINDOWS\System32\GDI32.dll
0x00007ff8ef8b0000 - 0x00007ff8efa48000 	C:\WINDOWS\System32\gdi32full.dll
0x00007ff8f08c0000 - 0x00007ff8f095e000 	C:\WINDOWS\System32\msvcp_win.dll
0x00007ff8d62d0000 - 0x00007ff8d6554000 	C:\WINDOWS\WinSxS\amd64_microsoft.windows.common-controls_6595b64144ccf1df_6.0.18362.1440_none_9e7dbfb9e45e8e67\COMCTL32.dll
0x00007ff8e6b20000 - 0x00007ff8e6b39000 	C:\Users\R2D2\.p2\pool\plugins\org.eclipse.justj.openjdk.hotspot.jre.full.win32.x86_64_17.0.7.v20230425-1502\jre\bin\VCRUNTIME140.dll
0x00007ff8f2860000 - 0x00007ff8f28fe000 	C:\WINDOWS\System32\msvcrt.dll
0x00007ff8f1440000 - 0x00007ff8f1776000 	C:\WINDOWS\System32\combase.dll
0x00007ff8f1a20000 - 0x00007ff8f1b3f000 	C:\WINDOWS\System32\RPCRT4.dll
0x00007ff8f0960000 - 0x00007ff8f09e1000 	C:\WINDOWS\System32\bcryptPrimitives.dll
0x00007ff8f11b0000 - 0x00007ff8f11de000 	C:\WINDOWS\System32\IMM32.DLL
0x00007ff8e9ad0000 - 0x00007ff8e9adc000 	C:\Users\R2D2\.p2\pool\plugins\org.eclipse.justj.openjdk.hotspot.jre.full.win32.x86_64_17.0.7.v20230425-1502\jre\bin\vcruntime140_1.dll
0x00007ff8da550000 - 0x00007ff8da5e1000 	C:\Users\R2D2\.p2\pool\plugins\org.eclipse.justj.openjdk.hotspot.jre.full.win32.x86_64_17.0.7.v20230425-1502\jre\bin\msvcp140.dll
0x00007ff890610000 - 0x00007ff891258000 	C:\Users\R2D2\.p2\pool\plugins\org.eclipse.justj.openjdk.hotspot.jre.full.win32.x86_64_17.0.7.v20230425-1502\jre\bin\server\jvm.dll
0x00007ff8f1d80000 - 0x00007ff8f1e23000 	C:\WINDOWS\System32\ADVAPI32.dll
0x00007ff8f1980000 - 0x00007ff8f1a17000 	C:\WINDOWS\System32\sechost.dll
0x00007ff8ecff0000 - 0x00007ff8ed014000 	C:\WINDOWS\SYSTEM32\WINMM.dll
0x00007ff8d7970000 - 0x00007ff8d7979000 	C:\WINDOWS\SYSTEM32\WSOCK32.dll
0x00007ff8ec720000 - 0x00007ff8ec74d000 	C:\WINDOWS\SYSTEM32\WINMMBASE.dll
0x00007ff8efab0000 - 0x00007ff8efafa000 	C:\WINDOWS\System32\cfgmgr32.dll
0x00007ff8f1780000 - 0x00007ff8f17ef000 	C:\WINDOWS\System32\WS2_32.dll
0x00007ff8e8170000 - 0x00007ff8e817a000 	C:\WINDOWS\SYSTEM32\VERSION.dll
0x00007ff8ef840000 - 0x00007ff8ef851000 	C:\WINDOWS\System32\kernel.appcore.dll
0x00007ff8e6ad0000 - 0x00007ff8e6ada000 	C:\Users\R2D2\.p2\pool\plugins\org.eclipse.justj.openjdk.hotspot.jre.full.win32.x86_64_17.0.7.v20230425-1502\jre\bin\jimage.dll
0x00007ff8ee1b0000 - 0x00007ff8ee3a4000 	C:\WINDOWS\SYSTEM32\DBGHELP.DLL
0x00007ff8e80b0000 - 0x00007ff8e80da000 	C:\WINDOWS\SYSTEM32\dbgcore.DLL
0x00007ff8e26a0000 - 0x00007ff8e26c5000 	C:\Users\R2D2\.p2\pool\plugins\org.eclipse.justj.openjdk.hotspot.jre.full.win32.x86_64_17.0.7.v20230425-1502\jre\bin\java.dll

dbghelp: loaded successfully - version: 4.0.5 - missing functions: none
symbol engine: initialized successfully - sym options: 0x614 - pdb path: .;C:\Users\R2D2\.p2\pool\plugins\org.eclipse.justj.openjdk.hotspot.jre.full.win32.x86_64_17.0.7.v20230425-1502\jre\bin;C:\WINDOWS\SYSTEM32;C:\Program Files\Avast Software\Avast;C:\WINDOWS\WinSxS\amd64_microsoft.windows.common-controls_6595b64144ccf1df_6.0.18362.1440_none_9e7dbfb9e45e8e67;C:\Users\R2D2\.p2\pool\plugins\org.eclipse.justj.openjdk.hotspot.jre.full.win32.x86_64_17.0.7.v20230425-1502\jre\bin\server

VM Arguments:
jvm_args: -Dfile.encoding=UTF-8 -XX:+ShowCodeDetailsInExceptionMessages 
java_command: by.academy.HW5.HW5EX2
java_class_path (initial): C:\Users\R2D2\git\academy\academy\target\classes
Launcher Type: SUN_STANDARD

[Global flags]
     intx CICompilerCount                          = 4                                         {product} {ergonomic}
     uint ConcGCThreads                            = 2                                         {product} {ergonomic}
     uint G1ConcRefinementThreads                  = 8                                         {product} {ergonomic}
   size_t G1HeapRegionSize                         = 1048576                                   {product} {ergonomic}
    uintx GCDrainStackTargetSize                   = 64                                        {product} {ergonomic}
   size_t InitialHeapSize                          = 100663296                                 {product} {ergonomic}
   size_t MarkStackSize                            = 4194304                                   {product} {ergonomic}
   size_t MaxHeapSize                              = 1598029824                                {product} {ergonomic}
   size_t MinHeapDeltaBytes                        = 1048576                                   {product} {ergonomic}
   size_t MinHeapSize                              = 8388608                                   {product} {ergonomic}
    uintx NonNMethodCodeHeapSize                   = 5839372                                {pd product} {ergonomic}
    uintx NonProfiledCodeHeapSize                  = 122909434                              {pd product} {ergonomic}
    uintx ProfiledCodeHeapSize                     = 122909434                              {pd product} {ergonomic}
    uintx ReservedCodeCacheSize                    = 251658240                              {pd product} {ergonomic}
     bool SegmentedCodeCache                       = true                                      {product} {ergonomic}
     bool ShowCodeDetailsInExceptionMessages       = true                                   {manageable} {command line}
   size_t SoftMaxHeapSize                          = 1598029824                             {manageable} {ergonomic}
     bool UseCompressedClassPointers               = true                           {product lp64_product} {ergonomic}
     bool UseCompressedOops                        = true                           {product lp64_product} {ergonomic}
     bool UseG1GC                                  = true                                      {product} {ergonomic}
     bool UseLargePagesIndividualAllocation        = false                                  {pd product} {ergonomic}

Logging:
Log output configuration:
 #0: stdout all=warning uptime,level,tags
 #1: stderr all=off uptime,level,tags

Environment Variables:
JAVA_HOME=C:\java\jdk-11.0.0.1
PATH=C:/Users/R2D2/.p2/pool/plugins/org.eclipse.justj.openjdk.hotspot.jre.full.win32.x86_64_17.0.7.v20230425-1502/jre/bin/server;C:/Users/R2D2/.p2/pool/plugins/org.eclipse.justj.openjdk.hotspot.jre.full.win32.x86_64_17.0.7.v20230425-1502/jre/bin;C:\Windows\system32;C:\Windows;C:\Windows\System32\Wbem;C:\Windows\System32\WindowsPowerShell\v1.0\;C:\Windows\System32\OpenSSH\;C:\Program Files (x86)\NVIDIA Corporation\PhysX\Common;C:\WINDOWS\system32;C:\WINDOWS;C:\WINDOWS\System32\Wbem;C:\WINDOWS\System32\WindowsPowerShell\v1.0\;C:\WINDOWS\System32\OpenSSH\;C:\Program Files\Git\cmd;C:\java\jdk-11.0.0.1\bin;C:\Users\R2D2\AppData\Local\Programs\Python\Python310\Scripts\;C:\Users\R2D2\AppData\Local\Programs\Python\Python310\;C:\Users\R2D2\AppData\Local\Microsoft\WindowsApps;C:\Users\R2D2\AppData\Local\Programs\Microsoft VS Code\bin;;C:\WINDOWS\system32;
USERNAME=R2D2
OS=Windows_NT
PROCESSOR_IDENTIFIER=AMD64 Family 23 Model 24 Stepping 1, AuthenticAMD
TMP=C:\Users\R2D2\AppData\Local\Temp
TEMP=C:\Users\R2D2\AppData\Local\Temp



---------------  S Y S T E M  ---------------

OS:
 Windows 10 , 64 bit Build 18362 (10.0.18362.1350)
OS uptime: 5 days 18:37 hours

CPU: total 8 (initial active 8) (8 cores per cpu, 2 threads per core) family 23 model 24 stepping 1 microcode 0x0, cx8, cmov, fxsr, ht, mmx, 3dnowpref, sse, sse2, sse3, ssse3, sse4a, sse4.1, sse4.2, popcnt, lzcnt, tsc, tscinvbit, avx, avx2, aes, clmul, bmi1, bmi2, adx, sha, fma, vzeroupper, clflush, clflushopt

Memory: 4k page, system-wide physical 6091M (233M free)
TotalPageFile size 16014M (AvailPageFile size 57M)
current process WorkingSet (physical memory assigned to process): 10M, peak: 10M
current process commit charge ("private bytes"): 60M, peak: 156M

vm_info: OpenJDK 64-Bit Server VM (17.0.7+7) for windows-amd64 JRE (17.0.7+7), built on Apr 18 2023 22:10:42 by "temurin" with MS VC++ 16.7 (VS2019)

END.
